SF:lib\data\datasources\movie_local_data_source.dart
DA:16,1
DA:18,1
DA:21,2
DA:24,2
DA:28,1
DA:31,2
DA:34,2
DA:38,1
DA:40,2
DA:42,1
DA:48,1
DA:50,2
DA:51,4
LF:13
LH:13
end_of_record
SF:lib\data\models\movie_table.dart
DA:14,2
DA:21,2
DA:22,1
DA:23,1
DA:24,1
DA:25,1
DA:28,2
DA:29,1
DA:30,1
DA:31,1
DA:32,1
DA:35,0
DA:36,0
DA:37,0
DA:38,0
DA:39,0
DA:42,0
DA:43,0
DA:44,0
DA:45,0
DA:46,0
DA:49,2
DA:50,1
DA:51,1
DA:52,1
DA:53,1
DA:56,2
DA:58,10
LF:28
LH:18
end_of_record
SF:lib\domain\entities\movie.dart
DA:4,12
DA:20,2
DA:41,7
DA:42,7
DA:43,7
DA:44,7
DA:45,7
DA:46,7
DA:47,7
DA:48,7
DA:49,7
DA:50,7
DA:51,7
DA:52,7
DA:53,7
DA:54,7
DA:55,7
LF:17
LH:17
end_of_record
SF:lib\domain\entities\movie_detail.dart
DA:7,7
DA:35,2
DA:36,2
DA:37,2
DA:38,2
DA:39,2
DA:40,2
DA:41,2
DA:42,2
DA:43,2
DA:44,2
DA:45,2
DA:46,2
DA:47,2
LF:14
LH:14
end_of_record
SF:lib\data\datasources\db\database_helper.dart
DA:9,0
DA:13,0
DA:17,0
DA:19,0
DA:26,0
DA:27,0
DA:28,0
DA:30,0
DA:34,0
DA:35,0
DA:42,0
DA:47,0
DA:48,0
DA:49,0
DA:52,0
DA:53,0
DA:54,0
DA:57,0
DA:61,0
DA:62,0
DA:63,0
DA:66,0
DA:69,0
DA:70,0
DA:76,0
DA:77,0
DA:78,0
LF:27
LH:0
end_of_record
SF:lib\data\datasources\movie_remote_data_source.dart
DA:23,1
DA:25,1
DA:27,4
DA:29,2
DA:30,4
DA:32,1
DA:36,1
DA:39,4
DA:41,2
DA:42,3
DA:44,1
DA:48,1
DA:50,1
DA:51,3
DA:53,2
DA:54,4
DA:56,1
DA:60,1
DA:63,4
DA:65,2
DA:66,4
DA:68,1
DA:72,1
DA:75,4
DA:77,2
DA:78,4
DA:80,1
DA:84,1
DA:86,1
DA:87,3
DA:89,2
DA:90,4
DA:92,1
LF:33
LH:33
end_of_record
SF:lib\data\models\movie_detail_model.dart
DA:9,2
DA:55,1
DA:56,1
DA:57,1
DA:58,1
DA:59,1
DA:60,5
DA:61,1
DA:62,1
DA:63,1
DA:64,1
DA:65,1
DA:66,1
DA:67,2
DA:68,1
DA:69,1
DA:70,1
DA:71,1
DA:72,1
DA:73,1
DA:74,1
DA:75,1
DA:76,2
DA:77,1
DA:80,0
DA:81,0
DA:82,0
DA:83,0
DA:84,0
DA:85,0
DA:86,0
DA:87,0
DA:88,0
DA:89,0
DA:90,0
DA:91,0
DA:92,0
DA:93,0
DA:94,0
DA:95,0
DA:96,0
DA:97,0
DA:98,0
DA:99,0
DA:100,0
DA:101,0
DA:104,1
DA:105,1
DA:106,1
DA:107,1
DA:108,5
DA:109,1
DA:110,1
DA:111,1
DA:112,1
DA:113,1
DA:114,1
DA:115,1
DA:116,1
DA:117,1
DA:121,1
DA:123,1
DA:124,1
DA:125,1
DA:126,1
DA:127,1
DA:128,1
DA:129,1
DA:130,1
DA:131,1
DA:132,1
DA:133,1
DA:134,1
DA:135,1
DA:136,1
DA:137,1
DA:138,1
DA:139,1
DA:140,1
DA:141,1
DA:142,1
DA:143,1
DA:144,1
LF:83
LH:61
end_of_record
SF:lib\data\models\movie_model.dart
DA:7,4
DA:37,4
DA:38,2
DA:39,2
DA:40,8
DA:41,2
DA:42,2
DA:43,2
DA:44,4
DA:45,2
DA:46,2
DA:47,2
DA:48,2
DA:49,4
DA:50,2
DA:53,2
DA:54,1
DA:55,1
DA:56,4
DA:57,1
DA:58,1
DA:59,1
DA:60,1
DA:61,1
DA:62,1
DA:63,1
DA:64,1
DA:65,1
DA:66,1
DA:69,2
DA:70,2
DA:71,2
DA:72,2
DA:73,2
DA:74,2
DA:75,2
DA:76,2
DA:77,2
DA:78,2
DA:79,2
DA:80,2
DA:81,2
DA:82,2
DA:83,2
DA:87,2
DA:88,2
DA:89,2
DA:90,2
DA:91,2
DA:92,2
DA:93,2
DA:94,2
DA:95,2
DA:96,2
DA:97,2
DA:98,2
DA:99,2
DA:100,2
DA:101,2
LF:59
LH:59
end_of_record
SF:lib\data\models\movie_response.dart
DA:9,2
DA:11,4
DA:12,4
DA:13,6
DA:14,6
DA:17,2
DA:18,5
DA:21,1
DA:22,2
LF:9
LH:9
end_of_record
SF:lib\domain\usecases\get_now_playing_movies.dart
DA:11,1
DA:13,1
DA:14,2
LF:3
LH:3
end_of_record
SF:lib\domain\usecases\get_popular_movies.dart
DA:11,1
DA:13,1
DA:14,2
LF:3
LH:3
end_of_record
SF:lib\domain\usecases\get_top_rated_movies.dart
DA:11,1
DA:13,1
DA:14,2
LF:3
LH:3
end_of_record
SF:lib\domain\usecases\get_watchlist_movies.dart
DA:11,1
DA:13,1
DA:14,2
LF:3
LH:3
end_of_record
SF:lib\domain\usecases\get_watchlist_status.dart
DA:7,1
DA:9,1
DA:10,2
LF:3
LH:3
end_of_record
SF:lib\domain\usecases\remove_watchlist.dart
DA:10,1
DA:12,1
DA:13,2
LF:3
LH:3
end_of_record
SF:lib\domain\usecases\save_watchlist.dart
DA:10,1
DA:12,1
DA:13,2
LF:3
LH:3
end_of_record
SF:lib\presentation\bloc\now_playing_movie\now_playing_movie_event.dart
DA:4,2
DA:8,0
DA:10,0
LF:3
LH:1
end_of_record
SF:lib\presentation\bloc\now_playing_movie\now_playing_movie_bloc.dart
DA:12,3
DA:13,2
DA:14,2
DA:15,2
DA:17,1
DA:18,4
DA:19,1
DA:20,1
DA:21,0
DA:23,2
LF:10
LH:9
end_of_record
SF:lib\presentation\bloc\now_playing_movie\now_playing_movie_state.dart
DA:6,2
DA:8,1
DA:10,1
DA:19,2
DA:21,1
DA:23,2
DA:29,2
DA:31,1
DA:32,2
LF:9
LH:9
end_of_record
SF:lib\presentation\bloc\popular_movie\popular_movie_bloc.dart
DA:11,3
DA:12,2
DA:13,2
DA:14,2
DA:16,1
DA:17,4
DA:18,1
DA:19,1
DA:20,0
DA:22,2
LF:10
LH:9
end_of_record
SF:lib\presentation\bloc\popular_movie\popular_movie_event.dart
DA:5,3
DA:9,0
DA:10,0
LF:3
LH:1
end_of_record
SF:lib\presentation\bloc\popular_movie\popular_movie_state.dart
DA:7,3
DA:9,1
DA:11,1
DA:21,3
DA:23,1
DA:25,2
DA:32,3
DA:34,1
DA:35,2
LF:9
LH:9
end_of_record
SF:lib\presentation\bloc\top_rated_movie\top_rated_movie_state.dart
DA:4,3
DA:6,1
DA:8,1
DA:18,3
DA:20,1
DA:22,2
DA:28,3
DA:30,1
DA:31,2
LF:9
LH:9
end_of_record
SF:lib\presentation\bloc\top_rated_movie\top_rated_movie_bloc.dart
DA:13,3
DA:14,2
DA:15,2
DA:16,2
DA:18,1
DA:19,4
DA:20,1
DA:21,1
DA:22,0
DA:24,2
LF:10
LH:9
end_of_record
SF:lib\presentation\bloc\top_rated_movie\top_rated_movie_event.dart
DA:4,3
DA:9,0
DA:10,0
LF:3
LH:1
end_of_record
SF:lib\presentation\bloc\watchlist_movie\watchlist_movie_state.dart
DA:4,3
DA:6,1
DA:8,1
DA:18,2
DA:20,1
DA:21,2
DA:27,1
DA:29,1
DA:30,2
DA:36,2
DA:38,1
DA:39,2
DA:45,3
DA:47,1
DA:48,2
LF:15
LH:15
end_of_record
SF:lib\presentation\bloc\watchlist_movie\watchlist_movie_event.dart
DA:4,3
DA:6,0
DA:8,0
DA:14,1
DA:16,1
DA:18,2
DA:24,1
DA:26,0
DA:28,0
DA:34,2
DA:36,0
DA:38,0
DA:43,1
DA:45,1
LF:14
LH:8
end_of_record
SF:lib\presentation\bloc\watchlist_movie\watchlist_movie_bloc.dart
DA:21,1
DA:26,2
DA:28,2
DA:29,2
DA:30,2
DA:32,5
DA:33,1
DA:34,1
DA:35,0
DA:37,2
DA:42,2
DA:43,1
DA:45,2
DA:47,1
DA:48,4
DA:49,3
DA:53,2
DA:54,1
DA:56,2
DA:58,1
DA:59,4
DA:60,3
DA:64,2
DA:65,1
DA:67,2
DA:68,2
LF:26
LH:25
end_of_record
SF:lib\presentation\pages\home_movie_page.dart
DA:16,1
DA:17,1
DA:23,1
DA:25,2
DA:26,1
DA:29,1
DA:31,1
DA:32,2
DA:35,1
DA:37,2
DA:38,4
DA:39,4
DA:40,4
DA:44,1
DA:46,1
DA:47,1
DA:50,1
DA:51,1
DA:52,0
DA:53,0
DA:60,1
DA:62,1
DA:63,1
DA:65,1
DA:66,1
DA:67,1
DA:69,0
DA:70,1
DA:71,1
DA:73,0
DA:74,1
DA:82,1
DA:83,1
DA:84,1
DA:85,1
DA:87,1
DA:88,1
DA:89,1
DA:91,1
DA:92,2
DA:93,1
DA:95,1
DA:97,1
DA:100,1
DA:104,1
DA:105,1
DA:106,3
DA:117,1
DA:118,1
DA:119,1
DA:120,1
DA:122,1
DA:123,2
DA:124,1
DA:128,1
DA:129,1
DA:130,3
DA:141,1
DA:142,1
DA:143,1
DA:144,1
DA:146,1
DA:147,2
DA:148,1
DA:152,1
DA:153,1
DA:154,3
DA:165,1
DA:166,1
DA:167,0
DA:168,0
DA:169,0
DA:171,0
DA:174,1
DA:176,1
DA:177,1
DA:178,1
DA:188,1
DA:191,1
DA:192,2
DA:195,4
DA:198,1
DA:200,1
DA:207,1
DA:208,1
DA:209,1
DA:218,1
DA:219,1
DA:221,1
DA:222,1
DA:224,1
DA:226,1
DA:228,1
DA:230,1
DA:243,1
DA:245,1
DA:247,1
DA:249,1
DA:251,1
DA:252,2
DA:253,1
DA:255,1
DA:256,0
DA:257,0
DA:260,0
DA:263,1
DA:265,1
DA:266,2
DA:267,1
DA:269,0
DA:275,2
LF:111
LH:99
end_of_record
SF:lib\presentation\pages\watchlist_movies_page.dart
DA:9,1
DA:10,1
DA:14,1
DA:16,1
DA:17,2
DA:18,4
DA:22,1
DA:24,4
DA:25,1
DA:28,0
DA:30,0
DA:31,0
DA:33,0
DA:37,1
DA:39,1
DA:40,1
DA:42,1
DA:43,1
DA:44,1
DA:45,2
DA:46,1
DA:47,1
DA:48,1
DA:49,2
DA:50,1
DA:56,2
DA:58,1
DA:62,1
DA:63,1
DA:64,3
DA:77,1
DA:79,2
DA:80,1
LF:33
LH:29
end_of_record
SF:lib\data\repositories\movie_repository_impl.dart
DA:19,1
DA:24,1
DA:27,2
DA:28,5
DA:29,1
DA:30,2
DA:31,1
DA:32,2
DA:36,1
DA:39,2
DA:40,2
DA:41,1
DA:42,2
DA:43,1
DA:44,2
DA:48,1
DA:51,2
DA:52,3
DA:53,1
DA:54,2
DA:55,1
DA:56,2
DA:60,1
DA:63,2
DA:64,5
DA:65,1
DA:66,2
DA:67,1
DA:68,2
DA:72,1
DA:75,2
DA:76,5
DA:77,1
DA:78,2
DA:79,1
DA:80,2
DA:84,1
DA:87,2
DA:88,5
DA:89,1
DA:90,2
DA:91,1
DA:92,2
DA:96,1
DA:99,3
DA:100,1
DA:101,1
DA:102,3
DA:108,1
DA:112,3
DA:113,1
DA:114,1
DA:115,3
DA:119,1
DA:121,2
DA:125,1
DA:127,2
DA:128,5
LF:58
LH:58
end_of_record
SF:lib\domain\usecases\get_movie_detail.dart
DA:10,1
DA:12,1
DA:13,2
LF:3
LH:3
end_of_record
SF:lib\domain\usecases\get_movie_recommendations.dart
DA:10,1
DA:12,1
DA:13,2
LF:3
LH:3
end_of_record
SF:lib\presentation\bloc\movie_detail\movie_detail_state.dart
DA:4,2
DA:6,1
DA:8,1
DA:18,1
DA:20,1
DA:22,2
DA:28,2
DA:30,1
DA:31,2
LF:9
LH:9
end_of_record
SF:lib\presentation\bloc\movie_detail\movie_detail_event.dart
DA:4,2
DA:6,0
DA:8,0
DA:14,2
DA:16,0
DA:17,0
LF:6
LH:2
end_of_record
SF:lib\presentation\bloc\movie_detail\movie_detail_bloc.dart
DA:12,3
DA:13,2
DA:14,1
DA:16,2
DA:17,2
DA:19,1
DA:20,4
DA:21,3
LF:8
LH:8
end_of_record
SF:lib\presentation\bloc\movie_detail\recommendation\movie_recommendation_state.dart
DA:4,2
DA:6,1
DA:8,1
DA:18,1
DA:20,1
DA:21,2
DA:27,2
DA:29,1
DA:30,2
LF:9
LH:9
end_of_record
SF:lib\presentation\bloc\movie_detail\recommendation\movie_recommendation_event.dart
DA:4,2
DA:10,2
DA:12,0
DA:14,0
LF:4
LH:2
end_of_record
SF:lib\presentation\bloc\movie_detail\recommendation\movie_recommendation_bloc.dart
DA:12,3
DA:13,2
DA:14,1
DA:16,2
DA:17,2
DA:19,1
DA:20,4
DA:21,3
LF:8
LH:8
end_of_record
SF:lib\presentation\pages\movie_detail_page.dart
DA:18,1
DA:20,1
DA:21,1
DA:25,1
DA:27,1
DA:28,2
DA:29,6
DA:30,6
DA:31,6
DA:35,1
DA:38,2
DA:39,2
DA:40,2
DA:45,1
DA:46,1
DA:47,1
DA:48,1
DA:49,1
DA:51,1
DA:52,1
DA:53,1
DA:54,1
DA:58,0
DA:59,0
DA:60,0
DA:77,1
DA:79,1
DA:80,1
DA:84,1
DA:86,3
DA:88,1
DA:89,1
DA:90,1
DA:91,4
DA:93,1
DA:96,0
DA:98,1
DA:100,1
DA:101,1
DA:102,1
DA:112,1
DA:113,1
DA:114,1
DA:116,1
DA:118,1
DA:120,1
DA:121,1
DA:122,3
DA:123,1
DA:125,1
DA:126,0
DA:127,0
DA:128,0
DA:130,0
DA:133,0
DA:136,0
DA:137,0
DA:138,0
DA:142,0
DA:147,0
DA:148,0
DA:149,0
DA:151,0
DA:153,0
DA:154,0
DA:155,0
DA:159,0
DA:160,0
DA:164,1
DA:166,1
DA:167,2
DA:168,1
DA:169,1
DA:170,1
DA:174,1
DA:175,4
DA:177,1
DA:178,4
DA:180,1
DA:181,1
DA:182,1
DA:183,4
DA:185,1
DA:191,5
DA:194,1
DA:195,1
DA:197,1
DA:199,1
DA:200,3
DA:202,1
DA:203,1
DA:205,1
DA:207,1
DA:212,1
DA:214,1
DA:229,1
DA:231,1
DA:234,1
DA:235,1
DA:236,0
DA:237,0
DA:246,1
DA:247,1
DA:248,1
DA:249,1
DA:251,1
DA:252,1
DA:254,1
DA:256,1
DA:257,2
DA:258,1
DA:260,1
DA:261,0
DA:262,0
DA:265,0
DA:268,1
DA:272,1
DA:273,2
DA:274,1
DA:277,0
DA:283,2
DA:286,0
DA:287,0
DA:288,0
DA:299,1
DA:301,2
DA:302,3
DA:305,1
DA:309,3
DA:312,1
DA:313,1
DA:314,1
DA:316,1
DA:317,1
DA:319,0
LF:135
LH:103
end_of_record
SF:lib\presentation\pages\popular_movies_page.dart
DA:14,1
DA:15,1
DA:19,1
DA:21,1
DA:22,2
DA:23,4
DA:27,1
DA:29,1
DA:31,1
DA:34,1
DA:36,1
DA:37,1
DA:38,1
DA:40,1
DA:41,1
DA:42,1
DA:43,2
DA:44,1
DA:50,2
DA:52,1
DA:56,1
DA:57,1
DA:58,3
LF:23
LH:23
end_of_record
SF:lib\presentation\pages\top_rated_movies_page.dart
DA:8,1
DA:9,1
DA:13,1
DA:15,1
DA:16,2
DA:17,4
DA:21,1
DA:23,1
DA:24,1
DA:25,1
DA:28,1
DA:30,1
DA:31,1
DA:32,1
DA:34,1
DA:35,1
DA:36,1
DA:37,2
DA:38,1
DA:44,2
DA:46,1
DA:50,1
DA:51,1
DA:52,3
LF:24
LH:24
end_of_record
