SF:lib\data\datasources\tv_local_data_source.dart
DA:18,1
DA:20,1
DA:23,2
DA:26,2
DA:30,1
DA:33,2
DA:36,2
DA:40,1
DA:42,2
DA:44,1
DA:50,1
DA:52,2
DA:53,4
LF:13
LH:13
end_of_record
SF:lib\data\model\tv_table.dart
DA:8,2
DA:20,2
DA:21,1
DA:22,1
DA:23,1
DA:24,1
DA:27,2
DA:28,1
DA:29,1
DA:30,1
DA:31,1
DA:34,0
DA:35,0
DA:36,0
DA:37,0
DA:38,0
DA:41,2
DA:42,1
DA:43,1
DA:44,1
DA:45,1
DA:48,2
DA:49,2
DA:50,2
DA:51,2
DA:52,2
DA:53,2
LF:27
LH:22
end_of_record
SF:lib\domain\entities\tv.dart
DA:4,13
DA:19,2
DA:38,6
DA:39,6
DA:40,6
DA:41,6
DA:42,6
DA:43,6
DA:44,6
DA:45,6
DA:46,6
DA:47,6
DA:48,6
DA:49,6
DA:50,6
DA:51,6
LF:16
LH:16
end_of_record
SF:lib\domain\entities\tv_detail.dart
DA:8,7
DA:32,2
DA:34,2
DA:35,2
DA:36,2
DA:37,2
DA:38,2
DA:39,2
DA:40,2
DA:41,2
DA:42,2
DA:43,2
DA:44,2
LF:13
LH:13
end_of_record
SF:lib\domain\entities\tv_season.dart
DA:4,7
DA:12,2
DA:14,2
DA:15,2
DA:16,2
LF:5
LH:5
end_of_record
SF:lib\data\datasources\db\tv_database_helper.dart
DA:8,0
DA:12,0
DA:16,0
DA:18,0
DA:25,0
DA:26,0
DA:27,0
DA:29,0
DA:33,0
DA:34,0
DA:41,0
DA:46,0
DA:47,0
DA:48,0
DA:51,0
DA:52,0
DA:53,0
DA:56,0
DA:60,0
DA:61,0
DA:62,0
DA:65,0
DA:68,0
DA:69,0
DA:75,0
DA:76,0
DA:77,0
LF:27
LH:0
end_of_record
SF:lib\data\datasources\tv_remote_data_source.dart
DA:21,1
DA:23,1
DA:25,4
DA:26,2
DA:27,4
DA:29,1
DA:33,1
DA:35,4
DA:36,2
DA:37,3
DA:39,1
DA:43,1
DA:45,4
DA:46,2
DA:47,4
DA:49,1
DA:53,1
DA:55,4
DA:56,2
DA:57,4
DA:59,1
DA:63,1
DA:65,4
DA:66,2
DA:67,4
DA:69,1
DA:74,1
DA:76,4
DA:77,2
DA:78,4
DA:80,1
LF:31
LH:31
end_of_record
SF:lib\data\model\tv_detail_model.dart
DA:10,2
DA:34,2
DA:35,1
DA:36,5
DA:37,1
DA:38,1
DA:39,1
DA:40,2
DA:41,1
DA:42,1
DA:43,4
DA:44,2
DA:45,1
DA:48,0
DA:49,0
DA:50,0
DA:51,0
DA:52,0
DA:53,0
DA:54,0
DA:55,0
DA:56,0
DA:57,0
DA:58,0
DA:61,1
DA:62,1
DA:63,1
DA:64,5
DA:65,1
DA:66,1
DA:67,1
DA:68,1
DA:69,1
DA:70,5
DA:71,1
DA:72,1
DA:75,1
DA:77,1
DA:78,1
DA:79,1
DA:80,1
DA:81,1
DA:82,1
DA:83,1
DA:84,1
DA:85,1
DA:86,1
DA:87,1
LF:48
LH:37
end_of_record
SF:lib\data\model\tv_model.dart
DA:7,4
DA:35,4
DA:36,2
DA:37,2
DA:38,8
DA:39,2
DA:40,2
DA:41,2
DA:42,2
DA:43,2
DA:44,4
DA:45,2
DA:46,4
DA:47,2
DA:50,2
DA:51,1
DA:52,1
DA:53,4
DA:54,1
DA:55,1
DA:56,1
DA:57,1
DA:58,1
DA:59,1
DA:60,1
DA:61,1
DA:62,1
DA:65,2
DA:66,2
DA:67,2
DA:68,2
DA:69,2
DA:70,2
DA:71,2
DA:72,2
DA:73,2
DA:74,2
DA:75,2
DA:76,2
DA:77,2
DA:78,2
DA:81,2
DA:83,2
DA:84,2
DA:85,2
DA:86,2
DA:87,2
DA:88,2
DA:89,2
DA:90,2
DA:91,2
DA:92,2
DA:93,2
DA:94,2
DA:95,2
LF:55
LH:55
end_of_record
SF:lib\data\model\tv_response.dart
DA:7,2
DA:11,4
DA:12,4
DA:13,6
DA:14,6
DA:17,2
DA:18,5
DA:21,1
DA:23,2
LF:9
LH:9
end_of_record
SF:lib\data\model\tv_season_model.dart
DA:7,2
DA:15,2
DA:16,1
DA:17,1
DA:20,0
DA:21,0
DA:22,0
DA:25,1
DA:26,1
DA:27,1
DA:28,1
DA:31,1
DA:33,1
DA:34,1
DA:35,1
LF:15
LH:12
end_of_record
SF:lib\domain\usecase\get_popular_tv.dart
DA:11,1
DA:13,1
DA:14,2
LF:3
LH:3
end_of_record
SF:lib\domain\usecase\get_top_rated_tv.dart
DA:11,1
DA:13,1
DA:14,2
LF:3
LH:3
end_of_record
SF:lib\domain\usecase\get_tv_detail.dart
DA:10,1
DA:13,1
DA:14,2
LF:3
LH:3
end_of_record
SF:lib\domain\usecase\get_tv_on_the_air.dart
DA:10,1
DA:12,1
DA:13,2
LF:3
LH:3
end_of_record
SF:lib\domain\usecase\get_tv_recommendations.dart
DA:10,1
DA:11,1
DA:12,2
LF:3
LH:3
end_of_record
SF:lib\domain\usecase\get_watchlist_status_tv.dart
DA:6,1
DA:7,1
DA:8,2
LF:3
LH:3
end_of_record
SF:lib\domain\usecase\get_watchlist_tv.dart
DA:11,1
DA:12,1
DA:13,2
LF:3
LH:3
end_of_record
SF:lib\domain\usecase\remove_watchlist_tv.dart
DA:11,1
DA:12,1
DA:13,2
LF:3
LH:3
end_of_record
SF:lib\domain\usecase\save_watchlist_tv.dart
DA:9,1
DA:10,1
DA:11,2
LF:3
LH:3
end_of_record
SF:lib\presentation\bloc\popular_tv\popular_tv_state.dart
DA:4,3
DA:6,1
DA:8,1
DA:18,3
DA:20,1
DA:21,2
DA:28,3
DA:30,1
DA:31,2
LF:9
LH:9
end_of_record
SF:lib\presentation\bloc\popular_tv\popular_tv_bloc.dart
DA:16,3
DA:17,2
DA:18,2
DA:19,2
DA:21,1
DA:22,4
DA:23,1
DA:24,1
DA:25,0
DA:27,2
LF:10
LH:9
end_of_record
SF:lib\presentation\bloc\popular_tv\popular_tv_event.dart
DA:4,3
DA:8,0
DA:9,0
LF:3
LH:1
end_of_record
SF:lib\presentation\bloc\top_rated_tv\top_rated_tv_event.dart
DA:4,3
DA:8,0
DA:10,0
LF:3
LH:1
end_of_record
SF:lib\presentation\bloc\top_rated_tv\top_rated_tv_bloc.dart
DA:16,3
DA:17,2
DA:18,2
DA:19,2
DA:21,1
DA:22,4
DA:23,1
DA:24,1
DA:25,0
DA:27,2
LF:10
LH:9
end_of_record
SF:lib\presentation\bloc\top_rated_tv\top_rated_tv_state.dart
DA:4,3
DA:6,1
DA:8,1
DA:17,3
DA:19,1
DA:20,2
DA:26,3
DA:28,1
DA:29,2
LF:9
LH:9
end_of_record
SF:lib\presentation\bloc\tv_detail\tv_detail_event.dart
DA:4,2
DA:10,2
DA:12,0
DA:13,0
LF:4
LH:2
end_of_record
SF:lib\presentation\bloc\tv_detail\tv_detail_state.dart
DA:4,2
DA:6,1
DA:8,1
DA:18,1
DA:20,1
DA:21,2
DA:27,2
DA:29,1
DA:30,2
LF:9
LH:9
end_of_record
SF:lib\presentation\bloc\tv_detail\tv_detail_bloc.dart
DA:16,3
DA:17,2
DA:18,1
DA:20,2
DA:21,2
DA:23,1
DA:24,4
DA:25,3
LF:8
LH:8
end_of_record
SF:lib\presentation\bloc\tv_detail\tv_recommendation\tv_recommendation_state.dart
DA:4,2
DA:6,1
DA:8,1
DA:17,1
DA:19,1
DA:20,2
DA:26,2
DA:28,1
DA:29,2
LF:9
LH:9
end_of_record
SF:lib\presentation\bloc\tv_detail\tv_recommendation\tv_recommendation_event.dart
DA:4,2
DA:10,2
DA:12,0
DA:14,0
LF:4
LH:2
end_of_record
SF:lib\presentation\bloc\tv_detail\tv_recommendation\tv_recommendation_bloc.dart
DA:17,1
DA:18,2
DA:19,2
DA:20,1
DA:22,2
DA:23,2
DA:25,1
DA:26,4
DA:27,3
LF:9
LH:9
end_of_record
SF:lib\presentation\bloc\tv_on_air\tv_on_air_event.dart
DA:4,3
DA:8,0
DA:9,0
LF:3
LH:1
end_of_record
SF:lib\presentation\bloc\tv_on_air\tv_on_air_state.dart
DA:4,3
DA:6,1
DA:8,1
DA:18,3
DA:20,1
DA:21,2
DA:27,3
DA:29,1
DA:30,2
LF:9
LH:9
end_of_record
SF:lib\presentation\bloc\tv_on_air\tv_on_air_bloc.dart
DA:16,3
DA:17,2
DA:18,2
DA:19,2
DA:21,1
DA:22,4
DA:23,1
DA:24,1
DA:25,0
DA:27,2
LF:10
LH:9
end_of_record
SF:lib\presentation\bloc\watclist_tv\watchlist_tv_state.dart
DA:4,3
DA:6,1
DA:8,1
DA:18,2
DA:20,1
DA:21,2
DA:27,3
DA:29,1
DA:30,1
DA:36,2
DA:38,1
DA:39,2
DA:45,2
DA:47,1
DA:48,2
LF:15
LH:15
end_of_record
SF:lib\presentation\bloc\watclist_tv\watchlist_tv_event.dart
DA:4,3
DA:6,0
DA:8,0
DA:12,1
DA:14,1
DA:21,2
DA:23,1
DA:25,2
DA:31,1
DA:33,0
DA:35,0
DA:42,2
DA:44,0
DA:46,0
LF:14
LH:8
end_of_record
SF:lib\presentation\bloc\watclist_tv\watchlist_tv_bloc.dart
DA:23,1
DA:24,2
DA:25,2
DA:26,2
DA:27,2
DA:29,6
DA:30,1
DA:31,0
DA:33,2
DA:38,2
DA:39,1
DA:41,2
DA:42,1
DA:43,4
DA:44,3
DA:48,2
DA:49,1
DA:51,2
DA:52,1
DA:53,4
DA:54,3
DA:58,2
DA:59,1
DA:61,2
DA:62,2
LF:25
LH:24
end_of_record
SF:lib\presentation\pages\home_tv_page.dart
DA:16,1
DA:17,1
DA:21,1
DA:23,2
DA:24,4
DA:25,4
DA:26,4
DA:28,1
DA:31,1
DA:33,1
DA:34,1
DA:37,1
DA:38,1
DA:39,0
DA:40,0
DA:47,1
DA:49,1
DA:50,1
DA:52,1
DA:53,1
DA:54,1
DA:56,0
DA:57,0
DA:59,1
DA:60,1
DA:62,0
DA:63,0
DA:65,1
DA:73,1
DA:74,1
DA:75,1
DA:76,1
DA:78,1
DA:79,2
DA:80,1
DA:84,1
DA:85,4
DA:95,1
DA:96,1
DA:97,1
DA:98,1
DA:100,1
DA:101,2
DA:102,1
DA:106,1
DA:107,4
DA:117,1
DA:118,1
DA:119,1
DA:120,1
DA:122,1
DA:123,1
DA:125,1
DA:126,3
DA:127,1
DA:129,0
DA:130,0
DA:132,2
DA:135,1
DA:139,1
DA:140,1
DA:141,1
DA:142,1
DA:143,1
DA:154,1
DA:155,1
DA:156,1
DA:157,0
DA:158,0
DA:160,1
DA:162,1
DA:163,1
DA:164,1
DA:173,1
DA:176,1
DA:177,2
DA:179,4
DA:183,1
DA:185,1
DA:192,1
DA:193,1
DA:194,1
DA:203,1
DA:204,1
DA:207,1
DA:208,1
DA:210,1
DA:212,1
DA:214,1
DA:216,1
DA:225,1
DA:226,1
DA:227,1
DA:229,1
DA:231,1
DA:232,1
DA:233,1
DA:235,1
DA:236,0
DA:237,0
DA:239,1
DA:241,1
DA:242,2
DA:243,1
DA:245,0
DA:251,1
LF:106
LH:93
end_of_record
SF:lib\presentation\pages\wachlist_tv_page.dart
DA:9,1
DA:10,1
DA:14,1
DA:16,6
DA:17,1
DA:20,1
DA:22,4
DA:23,1
DA:26,0
DA:27,0
DA:30,1
DA:32,1
DA:33,1
DA:35,1
DA:36,1
DA:37,1
DA:39,1
DA:40,1
DA:41,1
DA:42,2
DA:43,1
DA:49,2
DA:51,1
DA:55,1
DA:56,1
DA:57,1
DA:58,1
DA:59,1
DA:70,1
DA:72,2
DA:73,1
LF:31
LH:29
end_of_record
SF:lib\data\repositories\tv_repository_impl.dart
DA:17,1
DA:22,1
DA:25,2
DA:26,5
DA:27,1
DA:28,2
DA:29,1
DA:30,2
DA:34,1
DA:37,2
DA:38,5
DA:39,1
DA:40,2
DA:41,1
DA:42,2
DA:46,1
DA:49,2
DA:50,2
DA:51,1
DA:52,2
DA:53,1
DA:54,2
DA:58,1
DA:61,2
DA:62,5
DA:63,1
DA:64,2
DA:65,1
DA:66,2
DA:70,1
DA:73,2
DA:74,3
DA:75,1
DA:76,2
DA:77,1
DA:78,2
DA:82,1
DA:85,2
DA:86,5
DA:87,1
DA:88,2
DA:89,1
DA:90,2
DA:94,1
DA:96,2
DA:97,5
DA:100,1
DA:102,2
DA:106,1
DA:109,3
DA:110,1
DA:111,1
DA:112,3
DA:116,1
DA:119,3
DA:120,1
DA:121,1
DA:122,3
LF:58
LH:58
end_of_record
SF:lib\presentation\pages\popular_tv_page.dart
DA:11,1
DA:12,1
DA:16,1
DA:18,2
DA:19,4
DA:20,1
DA:23,1
DA:25,1
DA:26,1
DA:29,1
DA:31,1
DA:32,1
DA:33,1
DA:35,1
DA:36,1
DA:37,1
DA:38,2
DA:39,1
DA:45,2
DA:47,1
DA:51,1
DA:52,4
LF:22
LH:22
end_of_record
SF:lib\presentation\pages\top_rated_tv_page.dart
DA:12,1
DA:13,1
DA:17,1
DA:19,2
DA:20,4
DA:21,1
DA:24,1
DA:26,1
DA:27,1
DA:28,1
DA:30,1
DA:32,1
DA:33,1
DA:34,1
DA:36,1
DA:37,1
DA:38,1
DA:39,2
DA:40,1
DA:46,2
DA:48,1
DA:52,1
DA:53,4
LF:23
LH:23
end_of_record
SF:lib\presentation\pages\tv_detail_page.dart
DA:17,1
DA:19,1
DA:20,1
DA:24,1
DA:26,1
DA:27,2
DA:28,6
DA:29,6
DA:30,6
DA:34,1
DA:37,2
DA:38,2
DA:39,2
DA:44,1
DA:45,1
DA:46,1
DA:47,1
DA:48,1
DA:50,1
DA:51,1
DA:52,1
DA:53,1
DA:57,0
DA:58,0
DA:74,1
DA:76,1
DA:77,1
DA:81,1
DA:83,3
DA:84,1
DA:85,1
DA:86,1
DA:87,4
DA:89,1
DA:90,0
DA:92,1
DA:94,1
DA:97,1
DA:99,0
DA:100,0
DA:105,1
DA:107,1
DA:108,1
DA:109,1
DA:115,1
DA:116,1
DA:117,1
DA:119,1
DA:125,1
DA:127,1
DA:129,1
DA:131,1
DA:132,1
DA:133,3
DA:134,1
DA:136,1
DA:137,1
DA:138,2
DA:139,5
DA:141,0
DA:144,2
DA:147,1
DA:148,0
DA:149,0
DA:153,2
DA:158,1
DA:159,0
DA:160,4
DA:162,0
DA:164,0
DA:165,0
DA:166,0
DA:170,2
DA:171,4
DA:174,1
DA:176,1
DA:177,2
DA:184,1
DA:185,4
DA:187,1
DA:188,1
DA:189,1
DA:190,4
DA:192,1
DA:199,5
DA:202,1
DA:203,1
DA:205,1
DA:207,1
DA:208,3
DA:210,1
DA:211,1
DA:213,1
DA:215,1
DA:216,1
DA:217,1
DA:219,1
DA:221,4
DA:222,1
DA:239,1
DA:240,1
DA:243,1
DA:245,1
DA:246,4
DA:247,1
DA:249,1
DA:253,1
DA:254,1
DA:255,1
DA:256,0
DA:268,1
DA:269,2
DA:270,1
DA:271,0
DA:273,1
DA:274,1
DA:275,1
DA:278,1
DA:281,1
DA:282,2
DA:283,2
DA:291,4
DA:296,1
DA:297,1
DA:298,1
DA:299,1
DA:301,1
DA:302,1
DA:304,1
DA:306,2
DA:307,1
DA:308,2
DA:309,1
DA:311,1
DA:312,0
DA:313,0
DA:316,0
DA:319,1
DA:321,1
DA:322,2
DA:323,1
DA:326,0
DA:336,0
DA:337,0
DA:345,1
DA:347,2
DA:348,3
DA:350,1
DA:353,3
DA:356,0
DA:357,0
DA:358,0
DA:360,0
DA:361,0
DA:363,0
LF:155
LH:128
end_of_record
SF:lib\presentation\pages\tv_on_air_page.dart
DA:12,1
DA:13,1
DA:17,1
DA:19,2
DA:20,4
DA:22,1
DA:24,1
DA:26,1
DA:27,1
DA:30,1
DA:31,1
DA:32,1
DA:33,1
DA:34,1
DA:36,1
DA:37,1
DA:38,1
DA:39,2
DA:40,1
DA:46,2
DA:48,1
DA:52,1
DA:53,1
DA:54,1
DA:55,1
DA:56,1
LF:26
LH:26
end_of_record
